Build started 10/17/2016 12:22:02 PM.
     1>Project "G:\Brent Integration\Project\Project.vcxproj" on node 2 (build target(s)).
     1>InitializeBuildStatus:
         Creating "Debug\Project.unsuccessfulbuild" because "AlwaysCreate" was specified.
       ClCompile:
         All outputs are up-to-date.
         C:\Program Files\Microsoft Visual Studio 10.0\VC\bin\CL.exe /c /I"C:\Program Files\OpenCV\cxcore\include" /I"C:\Program Files\OpenCV\cv\include" /I"C:\Program Files\OpenCV\cvaux\include" /I"C:\Program Files\OpenCV\otherlibs\highgui" /ZI /nologo /W3 /WX- /Od /Oy- /D WIN32 /D _DEBUG /D _CONSOLE /D _UNICODE /D UNICODE /Gm /EHsc /RTC1 /MDd /GS /fp:precise /Zc:wchar_t /Zc:forScope /Yu"StdAfx.h" /Fp"Debug\Project.pch" /Fo"Debug\\" /Fd"Debug\vc100.pdb" /Gd /TP /analyze- /errorReport:prompt Project.cpp
         Project.cpp
     1>g:\brent integration\project\project.cpp(32): warning C4996: 'scanf': This function or variable may be unsafe. Consider using scanf_s instead. To disable deprecation, use _CRT_SECURE_NO_WARNINGS. See online help for details.
                 c:\program files\microsoft visual studio 10.0\vc\include\stdio.h(304) : see declaration of 'scanf'
       ManifestResourceCompile:
         All outputs are up-to-date.
       Link:
         C:\Program Files\Microsoft Visual Studio 10.0\VC\bin\link.exe /ERRORREPORT:PROMPT /OUT:"G:\Brent Integration\Debug\Project.exe" /INCREMENTAL /NOLOGO /LIBPATH:"C:\Program Files\OpenCV\lib" cv.lib cxcore.lib cvaux.lib highgui.lib kernel32.lib user32.lib gdi32.lib winspool.lib comdlg32.lib advapi32.lib shell32.lib ole32.lib oleaut32.lib uuid.lib odbc32.lib odbccp32.lib /MANIFEST /ManifestFile:"Debug\Project.exe.intermediate.manifest" /MANIFESTUAC:"level='asInvoker' uiAccess='false'" /DEBUG /PDB:"G:\Brent Integration\Debug\Project.pdb" /SUBSYSTEM:CONSOLE /TLBID:1 /DYNAMICBASE /NXCOMPAT /IMPLIB:"G:\Brent Integration\Debug\Project.lib" /MACHINE:X86 Debug\Project.exe.embed.manifest.res
         Debug\imageProcessing.obj
         Debug\Project.obj
         Debug\robotMove.obj
         Debug\robotSupport.obj
         Debug\SerialCom.obj
         Debug\stdafx.obj
       Manifest:
         C:\Program Files\Microsoft SDKs\Windows\v7.0A\bin\mt.exe /nologo /verbose /out:"Debug\Project.exe.embed.manifest" /manifest Debug\Project.exe.intermediate.manifest
         All outputs are up-to-date.
       LinkEmbedManifest:
         All outputs are up-to-date.
         Project.vcxproj -> G:\Brent Integration\Debug\Project.exe
       FinalizeBuildStatus:
         Deleting file "Debug\Project.unsuccessfulbuild".
         Touching "Debug\Project.lastbuildstate".
     1>Done Building Project "G:\Brent Integration\Project\Project.vcxproj" (build target(s)).

Build succeeded.

Time Elapsed 00:00:08.39
