Z:\PROJECT\PROJECT FOR PC USEONLY\DEBUG\PROJECT.EXE
Z:\Project\Project for PC USEonly\Debug\Project.exe.intermediate.manifest
Z:\PROJECT\PROJECT FOR PC USEONLY\DEBUG\PROJECT.ILK
Z:\PROJECT\PROJECT FOR PC USEONLY\DEBUG\PROJECT.PDB
Z:\Project\Project for PC USEonly\Project\Debug\cl.command.1.tlog
Z:\Project\Project for PC USEonly\Project\Debug\CL.read.1.tlog
Z:\Project\Project for PC USEonly\Project\Debug\CL.write.1.tlog
Z:\Project\Project for PC USEonly\Project\Debug\link.3360.read.1.tlog
Z:\Project\Project for PC USEonly\Project\Debug\link.3360.write.1.tlog
Z:\Project\Project for PC USEonly\Project\Debug\link.3360-cvtres.read.1.tlog
Z:\Project\Project for PC USEonly\Project\Debug\link.3360-cvtres.write.1.tlog
Z:\Project\Project for PC USEonly\Project\Debug\link.3548.read.1.tlog
Z:\Project\Project for PC USEonly\Project\Debug\link.3548.write.1.tlog
Z:\Project\Project for PC USEonly\Project\Debug\link.3548-cvtres.read.1.tlog
Z:\Project\Project for PC USEonly\Project\Debug\link.3548-cvtres.write.1.tlog
Z:\Project\Project for PC USEonly\Project\Debug\link.5836.read.1.tlog
Z:\Project\Project for PC USEonly\Project\Debug\link.5836.write.1.tlog
Z:\Project\Project for PC USEonly\Project\Debug\link.5836-cvtres.read.1.tlog
Z:\Project\Project for PC USEonly\Project\Debug\link.5836-cvtres.write.1.tlog
Z:\Project\Project for PC USEonly\Project\Debug\link.6044.read.1.tlog
Z:\Project\Project for PC USEonly\Project\Debug\link.6044.write.1.tlog
Z:\Project\Project for PC USEonly\Project\Debug\link.6044-cvtres.read.1.tlog
Z:\Project\Project for PC USEonly\Project\Debug\link.6044-cvtres.write.1.tlog
Z:\Project\Project for PC USEonly\Project\Debug\link.command.1.tlog
Z:\Project\Project for PC USEonly\Project\Debug\link.read.1.tlog
Z:\Project\Project for PC USEonly\Project\Debug\link.write.1.tlog
Z:\Project\Project for PC USEonly\Project\Debug\link-cvtres.read.1.tlog
Z:\Project\Project for PC USEonly\Project\Debug\link-cvtres.write.1.tlog
Z:\Project\Project for PC USEonly\Project\Debug\mt.command.1.tlog
Z:\Project\Project for PC USEonly\Project\Debug\mt.read.1.tlog
Z:\Project\Project for PC USEonly\Project\Debug\mt.write.1.tlog
Z:\Project\Project for PC USEonly\Project\Debug\Project.exe.embed.manifest
Z:\PROJECT\PROJECT FOR PC USEONLY\PROJECT\DEBUG\PROJECT.EXE.EMBED.MANIFEST.RES
Z:\PROJECT\PROJECT FOR PC USEONLY\PROJECT\DEBUG\PROJECT.EXE.INTERMEDIATE.MANIFEST
Z:\PROJECT\PROJECT FOR PC USEONLY\PROJECT\DEBUG\PROJECT.OBJ
Z:\PROJECT\PROJECT FOR PC USEONLY\PROJECT\DEBUG\PROJECT.PCH
Z:\Project\Project for PC USEonly\Project\Debug\Project_manifest.rc
Z:\Project\Project for PC USEonly\Project\Debug\rc.command.1.tlog
Z:\Project\Project for PC USEonly\Project\Debug\rc.read.1.tlog
Z:\Project\Project for PC USEonly\Project\Debug\rc.write.1.tlog
Z:\PROJECT\PROJECT FOR PC USEONLY\PROJECT\DEBUG\STDAFX.OBJ
Z:\Project\Project for PC USEonly\Project\Debug\vc100.idb
Z:\PROJECT\PROJECT FOR PC USEONLY\PROJECT\DEBUG\VC100.PDB
Z:\PROJECT\PROJECT\DEBUG\PROJECT.EXE
Z:\PROJECT\PROJECT\DEBUG\PROJECT.ILK
Z:\PROJECT\PROJECT\DEBUG\PROJECT.PDB
Z:\PROJECT\PROJECT\PROJECT\DEBUG\PROJECT.EXE.EMBED.MANIFEST
Z:\PROJECT\PROJECT\PROJECT\DEBUG\PROJECT.EXE.EMBED.MANIFEST.RES
Z:\PROJECT\PROJECT\PROJECT\DEBUG\PROJECT.EXE.INTERMEDIATE.MANIFEST
Z:\PROJECT\PROJECT\PROJECT\DEBUG\PROJECT.OBJ
Z:\PROJECT\PROJECT\PROJECT\DEBUG\PROJECT.PCH
Z:\PROJECT\PROJECT\PROJECT\DEBUG\STDAFX.OBJ
Z:\PROJECT\PROJECT\PROJECT\DEBUG\VC100.PDB
